<?xml version="1.0" encoding="UTF-8"?>
<!-- Generated by org.testng.reporters.JUnitReportReporter -->
<testsuite hostname="bcedbeeced305268090ebbcadcaaebeone-0" failures="0" tests="1" name="runner.Testcase1" time="10.550" errors="0" timestamp="2023-09-20T12:11:21 UTC" skipped="0">
  <testcase classname="runner.Testcase1" name="TC_001" time="10.550"/>
</testsuite> <!-- runner.Testcase1 -->
