<?xml version="1.0" encoding="UTF-8"?>
<!-- Generated by org.testng.reporters.JUnitReportReporter -->
<testsuite hostname="bcedbeeced305268090ebbcadcaaebeone-0" failures="0" tests="1" name="runner.Testcase3" time="11.699" errors="0" timestamp="2023-09-20T12:11:21 UTC" skipped="0">
  <testcase classname="runner.Testcase3" name="TC_003" time="11.699"/>
</testsuite> <!-- runner.Testcase3 -->
